<?xml version="1.0" encoding="UTF-8"?>
<!-- Generated by org.testng.reporters.JUnitReportReporter -->
<testsuite hostname="DESKTOP-EVB7C84" failures="0" tests="3" name="TestNGClass.FirstLoginClass" time="0.041" errors="0" timestamp="2023-09-08T00:20:34 IST" skipped="0">
  <testcase classname="TestNGClass.FirstLoginClass" name="URLTest" time="0.007"/>
  <testcase classname="TestNGClass.FirstLoginClass" name="PageTest" time="0.005"/>
  <testcase classname="TestNGClass.FirstLoginClass" name="LoginPageTest" time="0.029"/>
</testsuite> <!-- TestNGClass.FirstLoginClass -->
