<?xml version="1.0" encoding="UTF-8"?>
<!-- Generated by org.testng.reporters.JUnitReportReporter -->
<testsuite hostname="DESKTOP-EVB7C84" failures="0" tests="4" name="TestNGClass.HalFStore" time="62.994" errors="0" timestamp="2023-09-08T21:02:31 IST" skipped="0">
  <testcase classname="TestNGClass.HalFStore" name="RegPageTest" time="12.429"/>
  <testcase classname="TestNGClass.HalFStore" name="RegPageTest" time="10.504"/>
  <testcase classname="TestNGClass.HalFStore" name="RegPageTest" time="30.126"/>
  <testcase classname="TestNGClass.HalFStore" name="RegPageTest" time="9.935"/>
</testsuite> <!-- TestNGClass.HalFStore -->
