<?xml version="1.0" encoding="UTF-8"?>
<!-- Generated by org.testng.reporters.JUnitReportReporter -->
<testsuite hostname="DESKTOP-EVB7C84" failures="0" tests="5" name="TestNGClass.PriorityTesT" time="0.031" errors="0" timestamp="2023-09-08T20:18:42 IST" skipped="0">
  <testcase classname="TestNGClass.PriorityTesT" name="A_Text" time="0.016"/>
  <testcase classname="TestNGClass.PriorityTesT" name="a_Text" time="0.002"/>
  <testcase classname="TestNGClass.PriorityTesT" name="ab_Text" time="0.003"/>
  <testcase classname="TestNGClass.PriorityTesT" name="c_Text" time="0.003"/>
  <testcase classname="TestNGClass.PriorityTesT" name="ABC_Text" time="0.007"/>
</testsuite> <!-- TestNGClass.PriorityTesT -->
