<?xml version="1.0" encoding="UTF-8"?>
<!-- Generated by org.testng.reporters.JUnitReportReporter -->
<testsuite hostname="DESKTOP-EVB7C84" failures="0" tests="2" name="TestNGClass.DependsMethod" time="0.014" errors="0" timestamp="2023-09-08T20:23:15 IST" skipped="0">
  <testcase classname="TestNGClass.DependsMethod" name="Homeup" time="0.005"/>
  <testcase classname="TestNGClass.DependsMethod" name="setup" time="0.009"/>
</testsuite> <!-- TestNGClass.DependsMethod -->
