<?xml version="1.0" encoding="UTF-8"?>
<!-- Generated by org.testng.reporters.JUnitReportReporter -->
<testsuite hostname="DESKTOP-EVB7C84" failures="0" tests="2" name="TestNGClass.AbzTest" time="67.418" errors="0" timestamp="2023-09-08T21:21:37 IST" skipped="0">
  <testcase classname="TestNGClass.AbzTest" name="ACTest" time="28.362"/>
  <testcase classname="TestNGClass.AbzTest" name="ABCTest" time="39.056"/>
</testsuite> <!-- TestNGClass.AbzTest -->
