<?xml version="1.0" encoding="UTF-8"?>
<!-- Generated by org.testng.reporters.JUnitReportReporter -->
<testsuite hostname="DESKTOP-EVB7C84" failures="0" tests="3" name="TestNGClass.AmazonTest" time="55.876" errors="0" timestamp="2023-09-08T01:15:45 IST" skipped="0">
  <testcase classname="TestNGClass.AmazonTest" name="NewTest" time="13.963"/>
  <testcase classname="TestNGClass.AmazonTest" name="ABCTest" time="23.724"/>
  <testcase classname="TestNGClass.AmazonTest" name="HomeTest" time="18.189"/>
</testsuite> <!-- TestNGClass.AmazonTest -->
